{"numFailedTestSuites":0,"numFailedTests":0,"numPassedTestSuites":1,"numPassedTests":8,"numPendingTestSuites":0,"numPendingTests":0,"numRuntimeErrorTestSuites":0,"numTodoTests":0,"numTotalTestSuites":1,"numTotalTests":8,"openHandles":[],"snapshot":{"added":0,"didUpdate":false,"failure":false,"filesAdded":0,"filesRemoved":0,"filesRemovedList":[],"filesUnmatched":0,"filesUpdated":0,"matched":0,"total":0,"unchecked":0,"uncheckedKeysByFile":[],"unmatched":0,"updated":0},"startTime":1734591549794,"success":true,"testResults":[{"assertionResults":[{"ancestorTitles":["StandardForm"],"failureMessages":[],"fullName":"StandardForm renders without crashing","location":null,"status":"passed","title":"renders without crashing"},{"ancestorTitles":["StandardForm"],"failureMessages":[],"fullName":"StandardForm validates username correctly","location":null,"status":"passed","title":"validates username correctly"},{"ancestorTitles":["StandardForm"],"failureMessages":[],"fullName":"StandardForm validates email correctly","location":null,"status":"passed","title":"validates email correctly"},{"ancestorTitles":["StandardForm"],"failureMessages":[],"fullName":"StandardForm validates password correctly","location":null,"status":"passed","title":"validates password correctly"},{"ancestorTitles":["StandardForm"],"failureMessages":[],"fullName":"StandardForm validates password confirmation correctly","location":null,"status":"passed","title":"validates password confirmation correctly"},{"ancestorTitles":["StandardForm"],"failureMessages":[],"fullName":"StandardForm enables submit button when form is valid","location":null,"status":"passed","title":"enables submit button when form is valid"},{"ancestorTitles":["StandardForm"],"failureMessages":[],"fullName":"StandardForm resets form when reset button is clicked","location":null,"status":"passed","title":"resets form when reset button is clicked"},{"ancestorTitles":["StandardForm"],"failureMessages":[],"fullName":"StandardForm submits form when all fields are valid","location":null,"status":"passed","title":"submits form when all fields are valid"}],"endTime":1734591550507,"message":"","name":"/Users/raviranjan/Documents/agents/React-Form-With-All-Validation/src/Standard-Form/test/StandardForm.baserock.test.js","startTime":1734591550052,"status":"passed","summary":""}],"wasInterrupted":false,"coverageMap":{"/Users/raviranjan/Documents/agents/React-Form-With-All-Validation/src/Standard-Form/StandardForm.js":{"path":"/Users/raviranjan/Documents/agents/React-Form-With-All-Validation/src/Standard-Form/StandardForm.js","statementMap":{"0":{"start":{"line":4,"column":4},"end":{"line":8,"column":5}},"1":{"start":{"line":5,"column":8},"end":{"line":7,"column":9}},"2":{"start":{"line":9,"column":4},"end":{"line":9,"column":16}},"3":{"start":{"line":14,"column":12},"end":{"line":21,"column":5}},"4":{"start":{"line":24,"column":19},"end":{"line":29,"column":5}},"5":{"start":{"line":25,"column":82},"end":{"line":25,"column":92}},"6":{"start":{"line":26,"column":8},"end":{"line":28,"column":10}},"7":{"start":{"line":32,"column":23},"end":{"line":43,"column":5}},"8":{"start":{"line":33,"column":27},"end":{"line":33,"column":37}},"9":{"start":{"line":34,"column":28},"end":{"line":34,"column":32}},"10":{"start":{"line":35,"column":23},"end":{"line":35,"column":47}},"11":{"start":{"line":37,"column":8},"end":{"line":40,"column":9}},"12":{"start":{"line":38,"column":12},"end":{"line":38,"column":34}},"13":{"start":{"line":39,"column":12},"end":{"line":39,"column":80}},"14":{"start":{"line":42,"column":8},"end":{"line":42,"column":68}},"15":{"start":{"line":46,"column":20},"end":{"line":57,"column":5}},"16":{"start":{"line":47,"column":24},"end":{"line":47,"column":34}},"17":{"start":{"line":48,"column":25},"end":{"line":48,"column":29}},"18":{"start":{"line":49,"column":23},"end":{"line":49,"column":47}},"19":{"start":{"line":51,"column":8},"end":{"line":54,"column":9}},"20":{"start":{"line":52,"column":12},"end":{"line":52,"column":31}},"21":{"start":{"line":53,"column":12},"end":{"line":53,"column":52}},"22":{"start":{"line":56,"column":8},"end":{"line":56,"column":65}},"23":{"start":{"line":60,"column":23},"end":{"line":71,"column":5}},"24":{"start":{"line":61,"column":27},"end":{"line":61,"column":37}},"25":{"start":{"line":62,"column":28},"end":{"line":62,"column":32}},"26":{"start":{"line":63,"column":23},"end":{"line":63,"column":47}},"27":{"start":{"line":65,"column":8},"end":{"line":68,"column":9}},"28":{"start":{"line":66,"column":12},"end":{"line":66,"column":34}},"29":{"start":{"line":67,"column":12},"end":{"line":67,"column":74}},"30":{"start":{"line":70,"column":8},"end":{"line":70,"column":68}},"31":{"start":{"line":74,"column":30},"end":{"line":85,"column":5}},"32":{"start":{"line":75,"column":44},"end":{"line":75,"column":54}},"33":{"start":{"line":76,"column":35},"end":{"line":76,"column":39}},"34":{"start":{"line":77,"column":23},"end":{"line":77,"column":47}},"35":{"start":{"line":79,"column":8},"end":{"line":82,"column":9}},"36":{"start":{"line":80,"column":12},"end":{"line":80,"column":41}},"37":{"start":{"line":81,"column":12},"end":{"line":81,"column":63}},"38":{"start":{"line":84,"column":8},"end":{"line":84,"column":76}},"39":{"start":{"line":89,"column":8},"end":{"line":96,"column":11}},"40":{"start":{"line":100,"column":8},"end":{"line":146,"column":10}},"41":{"start":{"line":108,"column":42},"end":{"line":108,"column":108}},"42":{"start":{"line":117,"column":41},"end":{"line":117,"column":101}},"43":{"start":{"line":126,"column":41},"end":{"line":126,"column":107}},"44":{"start":{"line":135,"column":41},"end":{"line":135,"column":121}}},"fnMap":{"0":{"name":"ValidationMessage","decl":{"start":{"line":3,"column":9},"end":{"line":3,"column":26}},"loc":{"start":{"line":3,"column":34},"end":{"line":10,"column":1}},"line":3},"1":{"name":"(anonymous_1)","decl":{"start":{"line":24,"column":19},"end":{"line":24,"column":20}},"loc":{"start":{"line":24,"column":25},"end":{"line":29,"column":5}},"line":24},"2":{"name":"(anonymous_2)","decl":{"start":{"line":32,"column":23},"end":{"line":32,"column":24}},"loc":{"start":{"line":32,"column":29},"end":{"line":43,"column":5}},"line":32},"3":{"name":"(anonymous_3)","decl":{"start":{"line":46,"column":20},"end":{"line":46,"column":21}},"loc":{"start":{"line":46,"column":26},"end":{"line":57,"column":5}},"line":46},"4":{"name":"(anonymous_4)","decl":{"start":{"line":60,"column":23},"end":{"line":60,"column":24}},"loc":{"start":{"line":60,"column":29},"end":{"line":71,"column":5}},"line":60},"5":{"name":"(anonymous_5)","decl":{"start":{"line":74,"column":30},"end":{"line":74,"column":31}},"loc":{"start":{"line":74,"column":36},"end":{"line":85,"column":5}},"line":74},"6":{"name":"(anonymous_6)","decl":{"start":{"line":88,"column":4},"end":{"line":88,"column":5}},"loc":{"start":{"line":88,"column":16},"end":{"line":97,"column":5}},"line":88},"7":{"name":"(anonymous_7)","decl":{"start":{"line":99,"column":4},"end":{"line":99,"column":5}},"loc":{"start":{"line":99,"column":13},"end":{"line":147,"column":5}},"line":99},"8":{"name":"(anonymous_8)","decl":{"start":{"line":108,"column":35},"end":{"line":108,"column":36}},"loc":{"start":{"line":108,"column":42},"end":{"line":108,"column":108}},"line":108},"9":{"name":"(anonymous_9)","decl":{"start":{"line":117,"column":34},"end":{"line":117,"column":35}},"loc":{"start":{"line":117,"column":41},"end":{"line":117,"column":101}},"line":117},"10":{"name":"(anonymous_10)","decl":{"start":{"line":126,"column":34},"end":{"line":126,"column":35}},"loc":{"start":{"line":126,"column":41},"end":{"line":126,"column":107}},"line":126},"11":{"name":"(anonymous_11)","decl":{"start":{"line":135,"column":34},"end":{"line":135,"column":35}},"loc":{"start":{"line":135,"column":41},"end":{"line":135,"column":121}},"line":135}},"branchMap":{"0":{"loc":{"start":{"line":4,"column":4},"end":{"line":8,"column":5}},"type":"if","locations":[{"start":{"line":4,"column":4},"end":{"line":8,"column":5}},{"start":{"line":4,"column":4},"end":{"line":8,"column":5}}],"line":4},"1":{"loc":{"start":{"line":27,"column":23},"end":{"line":27,"column":91}},"type":"binary-expr","locations":[{"start":{"line":27,"column":23},"end":{"line":27,"column":36}},{"start":{"line":27,"column":40},"end":{"line":27,"column":50}},{"start":{"line":27,"column":54},"end":{"line":27,"column":67}},{"start":{"line":27,"column":71},"end":{"line":27,"column":91}}],"line":27},"2":{"loc":{"start":{"line":37,"column":8},"end":{"line":40,"column":9}},"type":"if","locations":[{"start":{"line":37,"column":8},"end":{"line":40,"column":9}},{"start":{"line":37,"column":8},"end":{"line":40,"column":9}}],"line":37},"3":{"loc":{"start":{"line":37,"column":12},"end":{"line":37,"column":55}},"type":"binary-expr","locations":[{"start":{"line":37,"column":12},"end":{"line":37,"column":31}},{"start":{"line":37,"column":35},"end":{"line":37,"column":55}}],"line":37},"4":{"loc":{"start":{"line":51,"column":8},"end":{"line":54,"column":9}},"type":"if","locations":[{"start":{"line":51,"column":8},"end":{"line":54,"column":9}},{"start":{"line":51,"column":8},"end":{"line":54,"column":9}}],"line":51},"5":{"loc":{"start":{"line":65,"column":8},"end":{"line":68,"column":9}},"type":"if","locations":[{"start":{"line":65,"column":8},"end":{"line":68,"column":9}},{"start":{"line":65,"column":8},"end":{"line":68,"column":9}}],"line":65},"6":{"loc":{"start":{"line":79,"column":8},"end":{"line":82,"column":9}},"type":"if","locations":[{"start":{"line":79,"column":8},"end":{"line":82,"column":9}},{"start":{"line":79,"column":8},"end":{"line":82,"column":9}}],"line":79}},"s":{"0":168,"1":131,"2":37,"3":8,"4":8,"5":21,"6":21,"7":8,"8":5,"9":5,"10":5,"11":5,"12":1,"13":1,"14":5,"15":8,"16":5,"17":5,"18":5,"19":5,"20":1,"21":1,"22":5,"23":8,"24":6,"25":6,"26":6,"27":6,"28":1,"29":1,"30":6,"31":8,"32":5,"33":5,"34":5,"35":5,"36":1,"37":1,"38":5,"39":1,"40":42,"41":5,"42":5,"43":6,"44":5},"f":{"0":168,"1":21,"2":5,"3":5,"4":6,"5":5,"6":1,"7":42,"8":5,"9":5,"10":6,"11":5},"b":{"0":[131,37],"1":[21,13,12,12],"2":[1,4],"3":[5,4],"4":[1,4],"5":[1,5],"6":[1,4]},"_coverageSchema":"43e27e138ebf9cfc5966b082cf9a028302ed4184","hash":"51d09cccbb9e41e46fc71f6b53263f931622af22"},"/Users/raviranjan/Documents/agents/React-Form-With-All-Validation/src/App.js":{"path":"/Users/raviranjan/Documents/agents/React-Form-With-All-Validation/src/App.js","statementMap":{"0":{"start":{"line":10,"column":2},"end":{"line":32,"column":4}}},"fnMap":{"0":{"name":"App","decl":{"start":{"line":9,"column":9},"end":{"line":9,"column":12}},"loc":{"start":{"line":9,"column":15},"end":{"line":33,"column":1}},"line":9}},"branchMap":{},"s":{"0":0},"f":{"0":0},"b":{},"hash":"3773e8397921b36c2c625005bb40c9e565d3e499"},"/Users/raviranjan/Documents/agents/React-Form-With-All-Validation/src/index.js":{"path":"/Users/raviranjan/Documents/agents/React-Form-With-All-Validation/src/index.js","statementMap":{"0":{"start":{"line":7,"column":0},"end":{"line":12,"column":2}},"1":{"start":{"line":17,"column":0},"end":{"line":17,"column":27}}},"fnMap":{},"branchMap":{},"s":{"0":0,"1":0},"f":{},"b":{},"hash":"33fd99041ae67318b6f09f9c4221384e892468c4"},"/Users/raviranjan/Documents/agents/React-Form-With-All-Validation/src/React-Hook-Form/React-Hook-Form.js":{"path":"/Users/raviranjan/Documents/agents/React-Form-With-All-Validation/src/React-Hook-Form/React-Hook-Form.js","statementMap":{"0":{"start":{"line":12,"column":6},"end":{"line":15,"column":4}},"1":{"start":{"line":17,"column":19},"end":{"line":20,"column":3}},"2":{"start":{"line":18,"column":4},"end":{"line":18,"column":21}},"3":{"start":{"line":19,"column":4},"end":{"line":19,"column":22}},"4":{"start":{"line":22,"column":2},"end":{"line":159,"column":4}},"5":{"start":{"line":47,"column":14},"end":{"line":52,"column":16}},"6":{"start":{"line":49,"column":16},"end":{"line":51,"column":20}},"7":{"start":{"line":74,"column":14},"end":{"line":79,"column":16}},"8":{"start":{"line":76,"column":16},"end":{"line":78,"column":20}},"9":{"start":{"line":101,"column":14},"end":{"line":106,"column":16}},"10":{"start":{"line":103,"column":16},"end":{"line":105,"column":20}},"11":{"start":{"line":121,"column":16},"end":{"line":125,"column":17}},"12":{"start":{"line":122,"column":18},"end":{"line":122,"column":30}},"13":{"start":{"line":124,"column":18},"end":{"line":124,"column":54}},"14":{"start":{"line":131,"column":14},"end":{"line":136,"column":16}},"15":{"start":{"line":133,"column":16},"end":{"line":135,"column":20}},"16":{"start":{"line":152,"column":27},"end":{"line":152,"column":34}}},"fnMap":{"0":{"name":"ReactHookForm","decl":{"start":{"line":4,"column":9},"end":{"line":4,"column":22}},"loc":{"start":{"line":4,"column":25},"end":{"line":160,"column":1}},"line":4},"1":{"name":"(anonymous_1)","decl":{"start":{"line":17,"column":19},"end":{"line":17,"column":20}},"loc":{"start":{"line":17,"column":32},"end":{"line":20,"column":3}},"line":17},"2":{"name":"(anonymous_2)","decl":{"start":{"line":46,"column":13},"end":{"line":46,"column":14}},"loc":{"start":{"line":47,"column":14},"end":{"line":52,"column":16}},"line":47},"3":{"name":"(anonymous_3)","decl":{"start":{"line":48,"column":43},"end":{"line":48,"column":44}},"loc":{"start":{"line":49,"column":16},"end":{"line":51,"column":20}},"line":49},"4":{"name":"(anonymous_4)","decl":{"start":{"line":73,"column":13},"end":{"line":73,"column":14}},"loc":{"start":{"line":74,"column":14},"end":{"line":79,"column":16}},"line":74},"5":{"name":"(anonymous_5)","decl":{"start":{"line":75,"column":43},"end":{"line":75,"column":44}},"loc":{"start":{"line":76,"column":16},"end":{"line":78,"column":20}},"line":76},"6":{"name":"(anonymous_6)","decl":{"start":{"line":100,"column":13},"end":{"line":100,"column":14}},"loc":{"start":{"line":101,"column":14},"end":{"line":106,"column":16}},"line":101},"7":{"name":"(anonymous_7)","decl":{"start":{"line":102,"column":43},"end":{"line":102,"column":44}},"loc":{"start":{"line":103,"column":16},"end":{"line":105,"column":20}},"line":103},"8":{"name":"(anonymous_8)","decl":{"start":{"line":120,"column":24},"end":{"line":120,"column":25}},"loc":{"start":{"line":120,"column":35},"end":{"line":126,"column":15}},"line":120},"9":{"name":"(anonymous_9)","decl":{"start":{"line":130,"column":13},"end":{"line":130,"column":14}},"loc":{"start":{"line":131,"column":14},"end":{"line":136,"column":16}},"line":131},"10":{"name":"(anonymous_10)","decl":{"start":{"line":132,"column":43},"end":{"line":132,"column":44}},"loc":{"start":{"line":133,"column":16},"end":{"line":135,"column":20}},"line":133},"11":{"name":"(anonymous_11)","decl":{"start":{"line":152,"column":21},"end":{"line":152,"column":22}},"loc":{"start":{"line":152,"column":27},"end":{"line":152,"column":34}},"line":152}},"branchMap":{"0":{"loc":{"start":{"line":47,"column":14},"end":{"line":52,"column":16}},"type":"binary-expr","locations":[{"start":{"line":47,"column":14},"end":{"line":47,"column":22}},{"start":{"line":48,"column":14},"end":{"line":52,"column":16}}],"line":47},"1":{"loc":{"start":{"line":74,"column":14},"end":{"line":79,"column":16}},"type":"binary-expr","locations":[{"start":{"line":74,"column":14},"end":{"line":74,"column":22}},{"start":{"line":75,"column":14},"end":{"line":79,"column":16}}],"line":74},"2":{"loc":{"start":{"line":101,"column":14},"end":{"line":106,"column":16}},"type":"binary-expr","locations":[{"start":{"line":101,"column":14},"end":{"line":101,"column":22}},{"start":{"line":102,"column":14},"end":{"line":106,"column":16}}],"line":101},"3":{"loc":{"start":{"line":121,"column":16},"end":{"line":125,"column":17}},"type":"if","locations":[{"start":{"line":121,"column":16},"end":{"line":125,"column":17}},{"start":{"line":121,"column":16},"end":{"line":125,"column":17}}],"line":121},"4":{"loc":{"start":{"line":131,"column":14},"end":{"line":136,"column":16}},"type":"binary-expr","locations":[{"start":{"line":131,"column":14},"end":{"line":131,"column":22}},{"start":{"line":132,"column":14},"end":{"line":136,"column":16}}],"line":131}},"s":{"0":0,"1":0,"2":0,"3":0,"4":0,"5":0,"6":0,"7":0,"8":0,"9":0,"10":0,"11":0,"12":0,"13":0,"14":0,"15":0,"16":0},"f":{"0":0,"1":0,"2":0,"3":0,"4":0,"5":0,"6":0,"7":0,"8":0,"9":0,"10":0,"11":0},"b":{"0":[0,0],"1":[0,0],"2":[0,0],"3":[0,0],"4":[0,0]},"hash":"6d0fa34eaa9a3d70ee1d82b726abc6500aa0b216"},"/Users/raviranjan/Documents/agents/React-Form-With-All-Validation/src/Formik-Form/FormikForm.js":{"path":"/Users/raviranjan/Documents/agents/React-Form-With-All-Validation/src/Formik-Form/FormikForm.js","statementMap":{"0":{"start":{"line":7,"column":12},"end":{"line":13,"column":5}},"1":{"start":{"line":15,"column":19},"end":{"line":23,"column":5}},"2":{"start":{"line":16,"column":8},"end":{"line":21,"column":10}},"3":{"start":{"line":22,"column":8},"end":{"line":22,"column":32}},"4":{"start":{"line":25,"column":23},"end":{"line":43,"column":6}},"5":{"start":{"line":46,"column":8},"end":{"line":147,"column":9}},"6":{"start":{"line":53,"column":24},"end":{"line":64,"column":32}},"7":{"start":{"line":54,"column":28},"end":{"line":54,"column":48}},"8":{"start":{"line":55,"column":28},"end":{"line":60,"column":30}},"9":{"start":{"line":61,"column":28},"end":{"line":61,"column":47}},"10":{"start":{"line":62,"column":28},"end":{"line":62,"column":40}},"11":{"start":{"line":63,"column":28},"end":{"line":63,"column":49}},"12":{"start":{"line":78,"column":20},"end":{"line":143,"column":27}}},"fnMap":{"0":{"name":"(anonymous_0)","decl":{"start":{"line":15,"column":19},"end":{"line":15,"column":20}},"loc":{"start":{"line":15,"column":31},"end":{"line":23,"column":5}},"line":15},"1":{"name":"(anonymous_1)","decl":{"start":{"line":45,"column":4},"end":{"line":45,"column":5}},"loc":{"start":{"line":45,"column":13},"end":{"line":148,"column":5}},"line":45},"2":{"name":"(anonymous_2)","decl":{"start":{"line":52,"column":30},"end":{"line":52,"column":31}},"loc":{"start":{"line":52,"column":70},"end":{"line":65,"column":21}},"line":52},"3":{"name":"(anonymous_3)","decl":{"start":{"line":53,"column":35},"end":{"line":53,"column":36}},"loc":{"start":{"line":53,"column":41},"end":{"line":64,"column":25}},"line":53},"4":{"name":"(anonymous_4)","decl":{"start":{"line":67,"column":17},"end":{"line":67,"column":18}},"loc":{"start":{"line":78,"column":20},"end":{"line":143,"column":27}},"line":78}},"branchMap":{"0":{"loc":{"start":{"line":90,"column":66},"end":{"line":90,"column":120}},"type":"binary-expr","locations":[{"start":{"line":90,"column":66},"end":{"line":90,"column":81}},{"start":{"line":90,"column":85},"end":{"line":90,"column":101}},{"start":{"line":90,"column":105},"end":{"line":90,"column":120}}],"line":90},"1":{"loc":{"start":{"line":104,"column":66},"end":{"line":104,"column":111}},"type":"binary-expr","locations":[{"start":{"line":104,"column":66},"end":{"line":104,"column":78}},{"start":{"line":104,"column":82},"end":{"line":104,"column":95}},{"start":{"line":104,"column":99},"end":{"line":104,"column":111}}],"line":104},"2":{"loc":{"start":{"line":118,"column":66},"end":{"line":118,"column":120}},"type":"binary-expr","locations":[{"start":{"line":118,"column":66},"end":{"line":118,"column":81}},{"start":{"line":118,"column":85},"end":{"line":118,"column":101}},{"start":{"line":118,"column":105},"end":{"line":118,"column":120}}],"line":118},"3":{"loc":{"start":{"line":132,"column":66},"end":{"line":132,"column":141}},"type":"binary-expr","locations":[{"start":{"line":132,"column":66},"end":{"line":132,"column":88}},{"start":{"line":132,"column":92},"end":{"line":132,"column":115}},{"start":{"line":132,"column":119},"end":{"line":132,"column":141}}],"line":132}},"s":{"0":0,"1":0,"2":0,"3":0,"4":0,"5":0,"6":0,"7":0,"8":0,"9":0,"10":0,"11":0,"12":0},"f":{"0":0,"1":0,"2":0,"3":0,"4":0},"b":{"0":[0,0,0],"1":[0,0,0],"2":[0,0,0],"3":[0,0,0]},"hash":"ddf6a92ef39295dd74601840f5ff24bd70f7b910"},"/Users/raviranjan/Documents/agents/React-Form-With-All-Validation/src/serviceWorker.js":{"path":"/Users/raviranjan/Documents/agents/React-Form-With-All-Validation/src/serviceWorker.js","statementMap":{"0":{"start":{"line":13,"column":20},"end":{"line":21,"column":1}},"1":{"start":{"line":24,"column":2},"end":{"line":54,"column":3}},"2":{"start":{"line":26,"column":22},"end":{"line":26,"column":75}},"3":{"start":{"line":27,"column":4},"end":{"line":32,"column":5}},"4":{"start":{"line":31,"column":6},"end":{"line":31,"column":13}},"5":{"start":{"line":34,"column":4},"end":{"line":53,"column":7}},"6":{"start":{"line":35,"column":20},"end":{"line":35,"column":65}},"7":{"start":{"line":37,"column":6},"end":{"line":52,"column":7}},"8":{"start":{"line":39,"column":8},"end":{"line":39,"column":47}},"9":{"start":{"line":43,"column":8},"end":{"line":48,"column":11}},"10":{"start":{"line":44,"column":10},"end":{"line":47,"column":12}},"11":{"start":{"line":51,"column":8},"end":{"line":51,"column":39}},"12":{"start":{"line":58,"column":2},"end":{"line":98,"column":7}},"13":{"start":{"line":61,"column":6},"end":{"line":94,"column":8}},"14":{"start":{"line":62,"column":33},"end":{"line":62,"column":56}},"15":{"start":{"line":63,"column":8},"end":{"line":65,"column":9}},"16":{"start":{"line":64,"column":10},"end":{"line":64,"column":17}},"17":{"start":{"line":66,"column":8},"end":{"line":93,"column":10}},"18":{"start":{"line":67,"column":10},"end":{"line":92,"column":11}},"19":{"start":{"line":68,"column":12},"end":{"line":91,"column":13}},"20":{"start":{"line":72,"column":14},"end":{"line":75,"column":16}},"21":{"start":{"line":78,"column":14},"end":{"line":80,"column":15}},"22":{"start":{"line":79,"column":16},"end":{"line":79,"column":46}},"23":{"start":{"line":85,"column":14},"end":{"line":85,"column":64}},"24":{"start":{"line":88,"column":14},"end":{"line":90,"column":15}},"25":{"start":{"line":89,"column":16},"end":{"line":89,"column":47}},"26":{"start":{"line":97,"column":6},"end":{"line":97,"column":72}},"27":{"start":{"line":103,"column":2},"end":{"line":128,"column":7}},"28":{"start":{"line":108,"column":26},"end":{"line":108,"column":62}},"29":{"start":{"line":109,"column":6},"end":{"line":122,"column":7}},"30":{"start":{"line":114,"column":8},"end":{"line":118,"column":11}},"31":{"start":{"line":115,"column":10},"end":{"line":117,"column":13}},"32":{"start":{"line":116,"column":12},"end":{"line":116,"column":37}},"33":{"start":{"line":121,"column":8},"end":{"line":121,"column":39}},"34":{"start":{"line":125,"column":6},"end":{"line":127,"column":8}},"35":{"start":{"line":132,"column":2},"end":{"line":140,"column":3}},"36":{"start":{"line":133,"column":4},"end":{"line":139,"column":9}},"37":{"start":{"line":135,"column":8},"end":{"line":135,"column":34}},"38":{"start":{"line":138,"column":8},"end":{"line":138,"column":37}}},"fnMap":{"0":{"name":"register","decl":{"start":{"line":23,"column":16},"end":{"line":23,"column":24}},"loc":{"start":{"line":23,"column":33},"end":{"line":55,"column":1}},"line":23},"1":{"name":"(anonymous_1)","decl":{"start":{"line":34,"column":36},"end":{"line":34,"column":37}},"loc":{"start":{"line":34,"column":42},"end":{"line":53,"column":5}},"line":34},"2":{"name":"(anonymous_2)","decl":{"start":{"line":43,"column":43},"end":{"line":43,"column":44}},"loc":{"start":{"line":43,"column":49},"end":{"line":48,"column":9}},"line":43},"3":{"name":"registerValidSW","decl":{"start":{"line":57,"column":9},"end":{"line":57,"column":24}},"loc":{"start":{"line":57,"column":40},"end":{"line":99,"column":1}},"line":57},"4":{"name":"(anonymous_4)","decl":{"start":{"line":60,"column":10},"end":{"line":60,"column":11}},"loc":{"start":{"line":60,"column":26},"end":{"line":95,"column":5}},"line":60},"5":{"name":"(anonymous_5)","decl":{"start":{"line":61,"column":35},"end":{"line":61,"column":36}},"loc":{"start":{"line":61,"column":41},"end":{"line":94,"column":7}},"line":61},"6":{"name":"(anonymous_6)","decl":{"start":{"line":66,"column":41},"end":{"line":66,"column":42}},"loc":{"start":{"line":66,"column":47},"end":{"line":93,"column":9}},"line":66},"7":{"name":"(anonymous_7)","decl":{"start":{"line":96,"column":11},"end":{"line":96,"column":12}},"loc":{"start":{"line":96,"column":20},"end":{"line":98,"column":5}},"line":96},"8":{"name":"checkValidServiceWorker","decl":{"start":{"line":101,"column":9},"end":{"line":101,"column":32}},"loc":{"start":{"line":101,"column":48},"end":{"line":129,"column":1}},"line":101},"9":{"name":"(anonymous_9)","decl":{"start":{"line":106,"column":10},"end":{"line":106,"column":11}},"loc":{"start":{"line":106,"column":22},"end":{"line":123,"column":5}},"line":106},"10":{"name":"(anonymous_10)","decl":{"start":{"line":114,"column":43},"end":{"line":114,"column":44}},"loc":{"start":{"line":114,"column":59},"end":{"line":118,"column":9}},"line":114},"11":{"name":"(anonymous_11)","decl":{"start":{"line":115,"column":41},"end":{"line":115,"column":42}},"loc":{"start":{"line":115,"column":47},"end":{"line":117,"column":11}},"line":115},"12":{"name":"(anonymous_12)","decl":{"start":{"line":124,"column":11},"end":{"line":124,"column":12}},"loc":{"start":{"line":124,"column":17},"end":{"line":128,"column":5}},"line":124},"13":{"name":"unregister","decl":{"start":{"line":131,"column":16},"end":{"line":131,"column":26}},"loc":{"start":{"line":131,"column":29},"end":{"line":141,"column":1}},"line":131},"14":{"name":"(anonymous_14)","decl":{"start":{"line":134,"column":12},"end":{"line":134,"column":13}},"loc":{"start":{"line":134,"column":28},"end":{"line":136,"column":7}},"line":134},"15":{"name":"(anonymous_15)","decl":{"start":{"line":137,"column":13},"end":{"line":137,"column":14}},"loc":{"start":{"line":137,"column":22},"end":{"line":139,"column":7}},"line":137}},"branchMap":{"0":{"loc":{"start":{"line":14,"column":2},"end":{"line":20,"column":5}},"type":"binary-expr","locations":[{"start":{"line":14,"column":2},"end":{"line":14,"column":42}},{"start":{"line":16,"column":4},"end":{"line":16,"column":40}},{"start":{"line":18,"column":4},"end":{"line":20,"column":5}}],"line":14},"1":{"loc":{"start":{"line":24,"column":2},"end":{"line":54,"column":3}},"type":"if","locations":[{"start":{"line":24,"column":2},"end":{"line":54,"column":3}},{"start":{"line":24,"column":2},"end":{"line":54,"column":3}}],"line":24},"2":{"loc":{"start":{"line":24,"column":6},"end":{"line":24,"column":75}},"type":"binary-expr","locations":[{"start":{"line":24,"column":6},"end":{"line":24,"column":43}},{"start":{"line":24,"column":47},"end":{"line":24,"column":75}}],"line":24},"3":{"loc":{"start":{"line":27,"column":4},"end":{"line":32,"column":5}},"type":"if","locations":[{"start":{"line":27,"column":4},"end":{"line":32,"column":5}},{"start":{"line":27,"column":4},"end":{"line":32,"column":5}}],"line":27},"4":{"loc":{"start":{"line":37,"column":6},"end":{"line":52,"column":7}},"type":"if","locations":[{"start":{"line":37,"column":6},"end":{"line":52,"column":7}},{"start":{"line":37,"column":6},"end":{"line":52,"column":7}}],"line":37},"5":{"loc":{"start":{"line":63,"column":8},"end":{"line":65,"column":9}},"type":"if","locations":[{"start":{"line":63,"column":8},"end":{"line":65,"column":9}},{"start":{"line":63,"column":8},"end":{"line":65,"column":9}}],"line":63},"6":{"loc":{"start":{"line":67,"column":10},"end":{"line":92,"column":11}},"type":"if","locations":[{"start":{"line":67,"column":10},"end":{"line":92,"column":11}},{"start":{"line":67,"column":10},"end":{"line":92,"column":11}}],"line":67},"7":{"loc":{"start":{"line":68,"column":12},"end":{"line":91,"column":13}},"type":"if","locations":[{"start":{"line":68,"column":12},"end":{"line":91,"column":13}},{"start":{"line":68,"column":12},"end":{"line":91,"column":13}}],"line":68},"8":{"loc":{"start":{"line":78,"column":14},"end":{"line":80,"column":15}},"type":"if","locations":[{"start":{"line":78,"column":14},"end":{"line":80,"column":15}},{"start":{"line":78,"column":14},"end":{"line":80,"column":15}}],"line":78},"9":{"loc":{"start":{"line":78,"column":18},"end":{"line":78,"column":43}},"type":"binary-expr","locations":[{"start":{"line":78,"column":18},"end":{"line":78,"column":24}},{"start":{"line":78,"column":28},"end":{"line":78,"column":43}}],"line":78},"10":{"loc":{"start":{"line":88,"column":14},"end":{"line":90,"column":15}},"type":"if","locations":[{"start":{"line":88,"column":14},"end":{"line":90,"column":15}},{"start":{"line":88,"column":14},"end":{"line":90,"column":15}}],"line":88},"11":{"loc":{"start":{"line":88,"column":18},"end":{"line":88,"column":44}},"type":"binary-expr","locations":[{"start":{"line":88,"column":18},"end":{"line":88,"column":24}},{"start":{"line":88,"column":28},"end":{"line":88,"column":44}}],"line":88},"12":{"loc":{"start":{"line":109,"column":6},"end":{"line":122,"column":7}},"type":"if","locations":[{"start":{"line":109,"column":6},"end":{"line":122,"column":7}},{"start":{"line":109,"column":6},"end":{"line":122,"column":7}}],"line":109},"13":{"loc":{"start":{"line":110,"column":8},"end":{"line":111,"column":73}},"type":"binary-expr","locations":[{"start":{"line":110,"column":8},"end":{"line":110,"column":31}},{"start":{"line":111,"column":9},"end":{"line":111,"column":28}},{"start":{"line":111,"column":32},"end":{"line":111,"column":72}}],"line":110},"14":{"loc":{"start":{"line":132,"column":2},"end":{"line":140,"column":3}},"type":"if","locations":[{"start":{"line":132,"column":2},"end":{"line":140,"column":3}},{"start":{"line":132,"column":2},"end":{"line":140,"column":3}}],"line":132}},"s":{"0":0,"1":0,"2":0,"3":0,"4":0,"5":0,"6":0,"7":0,"8":0,"9":0,"10":0,"11":0,"12":0,"13":0,"14":0,"15":0,"16":0,"17":0,"18":0,"19":0,"20":0,"21":0,"22":0,"23":0,"24":0,"25":0,"26":0,"27":0,"28":0,"29":0,"30":0,"31":0,"32":0,"33":0,"34":0,"35":0,"36":0,"37":0,"38":0},"f":{"0":0,"1":0,"2":0,"3":0,"4":0,"5":0,"6":0,"7":0,"8":0,"9":0,"10":0,"11":0,"12":0,"13":0,"14":0,"15":0},"b":{"0":[0,0,0],"1":[0,0],"2":[0,0],"3":[0,0],"4":[0,0],"5":[0,0],"6":[0,0],"7":[0,0],"8":[0,0],"9":[0,0],"10":[0,0],"11":[0,0],"12":[0,0],"13":[0,0,0],"14":[0,0]},"hash":"a250d6184d67458c1899fb2b37501b52a35294a4"}}}